0 info it worked if it ends with ok
1 verbose cli [ '/usr/bin/node', '/usr/bin/npm', 'install', '--save', 'winston' ]
2 info using npm@1.4.28
3 info using node@v0.10.37
4 verbose node symlink /usr/bin/node
5 verbose readDependencies using package.json deps
6 verbose cache add [ 'winston', null ]
7 verbose cache add name=undefined spec="winston" args=["winston",null]
8 verbose parsed url { protocol: null,
8 verbose parsed url   slashes: null,
8 verbose parsed url   auth: null,
8 verbose parsed url   host: null,
8 verbose parsed url   port: null,
8 verbose parsed url   hostname: null,
8 verbose parsed url   hash: null,
8 verbose parsed url   search: null,
8 verbose parsed url   query: null,
8 verbose parsed url   pathname: 'winston',
8 verbose parsed url   path: 'winston',
8 verbose parsed url   href: 'winston' }
9 silly lockFile e2f3e36e-winston winston
10 verbose lock winston /home/frob/.npm/e2f3e36e-winston.lock
11 silly lockFile e2f3e36e-winston winston
12 silly lockFile e2f3e36e-winston winston
13 verbose addNamed [ 'winston', '' ]
14 verbose addNamed [ null, '*' ]
15 silly lockFile 9aa54492-winston winston@
16 verbose lock winston@ /home/frob/.npm/9aa54492-winston.lock
17 silly addNameRange { name: 'winston', range: '*', hasData: false }
18 verbose request where is /winston
19 verbose request registry https://registry.npmjs.org/
20 verbose request id bf8906361c1b538e
21 verbose url raw /winston
22 verbose url resolving [ 'https://registry.npmjs.org/', './winston' ]
23 verbose url resolved https://registry.npmjs.org/winston
24 verbose request where is https://registry.npmjs.org/winston
25 info trying registry request attempt 1 at 17:32:58
26 verbose etag "EW2GYBY6S6W5Y6JVV2DAU21E4"
27 http GET https://registry.npmjs.org/winston
28 http 200 https://registry.npmjs.org/winston
29 silly registry.get cb [ 200,
29 silly registry.get   { server: 'CouchDB/1.5.0 (Erlang OTP/R16B03)',
29 silly registry.get     etag: '"9Q10EEPTXISIG8DE60DYQN5LG"',
29 silly registry.get     'content-type': 'application/json',
29 silly registry.get     'cache-control': 'max-age=60',
29 silly registry.get     'content-length': '77830',
29 silly registry.get     'accept-ranges': 'bytes',
29 silly registry.get     date: 'Sat, 09 May 2015 15:32:59 GMT',
29 silly registry.get     via: '1.1 varnish',
29 silly registry.get     age: '0',
29 silly registry.get     connection: 'keep-alive',
29 silly registry.get     'x-served-by': 'cache-fra1239-FRA',
29 silly registry.get     'x-cache': 'HIT',
29 silly registry.get     'x-cache-hits': '1',
29 silly registry.get     'x-timer': 'S1431185579.056685,VS0,VE729',
29 silly registry.get     vary: 'Accept' } ]
30 silly addNameRange number 2 { name: 'winston', range: '*', hasData: true }
31 silly addNameRange versions [ 'winston',
31 silly addNameRange   [ '0.2.11',
31 silly addNameRange     '0.3.3',
31 silly addNameRange     '0.3.4',
31 silly addNameRange     '0.3.5',
31 silly addNameRange     '0.4.0',
31 silly addNameRange     '0.4.1',
31 silly addNameRange     '0.5.0',
31 silly addNameRange     '0.5.1',
31 silly addNameRange     '0.5.2',
31 silly addNameRange     '0.5.3',
31 silly addNameRange     '0.5.4',
31 silly addNameRange     '0.5.5',
31 silly addNameRange     '0.5.6',
31 silly addNameRange     '0.5.7',
31 silly addNameRange     '0.5.8',
31 silly addNameRange     '0.5.9',
31 silly addNameRange     '0.5.10',
31 silly addNameRange     '0.5.11',
31 silly addNameRange     '0.6.1',
31 silly addNameRange     '0.6.2',
31 silly addNameRange     '0.7.0',
31 silly addNameRange     '0.7.1',
31 silly addNameRange     '0.7.2',
31 silly addNameRange     '0.7.3',
31 silly addNameRange     '0.8.0',
31 silly addNameRange     '0.8.1',
31 silly addNameRange     '0.8.2',
31 silly addNameRange     '0.8.3',
31 silly addNameRange     '0.9.0',
31 silly addNameRange     '1.0.0' ] ]
32 verbose addNamed [ 'winston', '1.0.0' ]
33 verbose addNamed [ '1.0.0', '1.0.0' ]
34 silly lockFile 5cb96c07-winston-1-0-0 winston@1.0.0
35 verbose lock winston@1.0.0 /home/frob/.npm/5cb96c07-winston-1-0-0.lock
36 silly lockFile 4b03e39e-js-org-winston-winston-1-0-0-tgz https://registry.npmjs.org/winston/-/winston-1.0.0.tgz
37 verbose lock https://registry.npmjs.org/winston/-/winston-1.0.0.tgz /home/frob/.npm/4b03e39e-js-org-winston-winston-1-0-0-tgz.lock
38 verbose addRemoteTarball [ 'https://registry.npmjs.org/winston/-/winston-1.0.0.tgz',
38 verbose addRemoteTarball   '30e36e0041fc0a864b0029565719e4dc41d026a4' ]
39 info retry fetch attempt 1 at 17:32:59
40 verbose fetch to= /tmp/npm-22528-W5s0CXgS/registry.npmjs.org/winston/-/winston-1.0.0.tgz
41 http GET https://registry.npmjs.org/winston/-/winston-1.0.0.tgz
42 http 200 https://registry.npmjs.org/winston/-/winston-1.0.0.tgz
43 silly lockFile 4b03e39e-js-org-winston-winston-1-0-0-tgz https://registry.npmjs.org/winston/-/winston-1.0.0.tgz
44 silly lockFile 4b03e39e-js-org-winston-winston-1-0-0-tgz https://registry.npmjs.org/winston/-/winston-1.0.0.tgz
45 silly lockFile 5cb96c07-winston-1-0-0 winston@1.0.0
46 silly lockFile 5cb96c07-winston-1-0-0 winston@1.0.0
47 silly lockFile 9aa54492-winston winston@
48 silly lockFile 9aa54492-winston winston@
49 error Error: EACCES, mkdir '/home/frob/.npm/winston/1.0.0'
49 error  { [Error: EACCES, mkdir '/home/frob/.npm/winston/1.0.0']
49 error   errno: 3,
49 error   code: 'EACCES',
49 error   path: '/home/frob/.npm/winston/1.0.0',
49 error   parent: 'find-ads' }
50 error Please try running this command again as root/Administrator.
51 error System Linux 3.2.0-79-generic
52 error command "/usr/bin/node" "/usr/bin/npm" "install" "--save" "winston"
53 error cwd /homenode/find-ads
54 error node -v v0.10.37
55 error npm -v 1.4.28
56 error path /home/frob/.npm/winston/1.0.0
57 error code EACCES
58 error errno 3
59 error stack Error: EACCES, mkdir '/home/frob/.npm/winston/1.0.0'
60 verbose exit [ 3, true ]
