[2015-08-07 01:17:59] Cron server restarted with pm2!

[2015-08-07 01:18:04] --------- ROBOT STARTED by rob_linkQueue.js 
task ID: robot_tasks.2
FROM robot_linkqueue_espn.go.com TO robot_content; 
pollScript=rob_linkQueue.js; 
httpclientScript=rob_nodeRequest_follow-redirects.js

[2015-08-07 01:18:17] + URL in httpClient: http://espn.go.com/ - response:200

Caught exception: TypeError: Cannot read property 'collection' of null
    at /home/crawler/models/robotLinksContent_model.js:27:7
    at /usr/local/lib/node_modules/mongodb/lib/mongo_client.js:389:11
    at process._tickDomainCallback (node.js:381:11)
Caught exception: TypeError: Cannot read property 'collection' of null
    at /home/crawler/models/robotLinksContent_model.js:27:7
    at /usr/local/lib/node_modules/mongodb/lib/mongo_client.js:389:11
    at process._tickDomainCallback (node.js:381:11)
Caught exception: TypeError: Cannot read property 'collection' of null
    at /home/crawler/models/robotLinksContent_model.js:27:7
    at /usr/local/lib/node_modules/mongodb/lib/mongo_client.js:389:11
    at process._tickDomainCallback (node.js:381:11)
Caught exception: TypeError: Cannot read property 'collection' of null
    at /home/crawler/models/robotLinksContent_model.js:27:7
    at /usr/local/lib/node_modules/mongodb/lib/mongo_client.js:389:11
    at process._tickDomainCallback (node.js:381:11)
Caught exception: TypeError: Cannot read property 'collection' of null
    at /home/crawler/models/robotLinksContent_model.js:27:7
    at /usr/local/lib/node_modules/mongodb/lib/mongo_client.js:389:11
    at process._tickDomainCallback (node.js:381:11)
Caught exception: TypeError: Cannot read property 'collection' of null
    at /home/crawler/models/robotLinksContent_model.js:27:7
    at /usr/local/lib/node_modules/mongodb/lib/mongo_client.js:389:11
    at process._tickDomainCallback (node.js:381:11)
[retry] will retry, error on last attempt: SyntaxError: Unexpected end of input
[retry] will retry, error on last attempt: SyntaxError: Unexpected end of input
[retry] will retry, error on last attempt: SyntaxError: Unexpected end of input
[retry] will retry, error on last attempt: SyntaxError: Unexpected end of input
[retry] will retry, error on last attempt: SyntaxError: Unexpected end of input
[retry] will retry, error on last attempt: SyntaxError: Unexpected end of input
[2015-08-07 01:24:01] --------- ROBOT STARTED by rob_linkQueue.js 
task ID: robot_tasks.1
FROM robot_linkqueue_www.yahoo.com TO robot_content; 
pollScript=rob_linkQueue.js; 
httpclientScript=rob_nodeRequest_follow-redirects.js

[2015-08-07 01:24:17] All pending links crawled in robot_linkqueue_www.yahoo.com at Thu Aug 06 2015 19:24:17 GMT-0400 (EDT)

[session-file-store] Deleting expired sessions
[session-file-store] Deleting expired sessions
[session-file-store] Deleting expired sessions
[session-file-store] Deleting expired sessions
[session-file-store] Deleting expired sessions
[session-file-store] Deleting expired sessions
