[2015-08-07 00:52:08] --------- ROBOT STARTED by rob_linkQueue.js 
task ID: robot_tasks.0
FROM robot_linkqueue_edition.cnn.com TO robot_content; 
pollScript=rob_linkQueue.js; 
httpclientScript=rob_casper.js

[2015-08-07 00:52:24] All pending links crawled in robot_linkqueue_edition.cnn.com at Thu Aug 06 2015 18:52:24 GMT-0400 (EDT)

info: /home/crawler/models/robotTasks_model.js:267 Updated records: {"ok":1,"nModified":1,"n":1}
[2015-08-07 00:52:35] Cron server restarted with pm2!

[2015-08-07 00:52:38] --------- ROBOT STARTED by rob_linkQueue.js 
task ID: robot_tasks.0
FROM robot_linkqueue_edition.cnn.com TO robot_content; 
pollScript=rob_linkQueue.js; 
httpclientScript=rob_casper.js

[2015-08-07 00:52:53] All pending links crawled in robot_linkqueue_edition.cnn.com at Thu Aug 06 2015 18:52:53 GMT-0400 (EDT)

info: /home/crawler/models/robotTasks_model.js:267 Updated records: {"ok":1,"nModified":1,"n":1}
[2015-08-07 00:53:12] Cron server restarted with pm2!

[2015-08-07 00:53:57] --------- ROBOT STARTED by rob_linkQueue.js 
task ID: robot_tasks.0
FROM robot_linkqueue_edition.cnn.com TO robot_content; 
pollScript=rob_linkQueue.js; 
httpclientScript=rob_nodeRequest_follow-redirects.js

[2015-08-07 00:54:12] All pending links crawled in robot_linkqueue_edition.cnn.com at Thu Aug 06 2015 18:54:12 GMT-0400 (EDT)

Caught exception: TypeError: Cannot read property 'listCollections' of null
    at /home/crawler/models/robot_content_model.js:55:7
    at /usr/local/lib/node_modules/mongodb/lib/mongo_client.js:267:20
    at /usr/local/lib/node_modules/mongodb/lib/db.js:218:14
    at null.<anonymous> (/usr/local/lib/node_modules/mongodb/lib/server.js:226:9)
    at g (events.js:199:16)
    at emit (events.js:110:17)
    at /usr/local/lib/node_modules/mongodb/node_modules/mongodb-core/lib/topologies/server.js:367:23
    at /usr/local/lib/node_modules/mongodb/node_modules/mongodb-core/lib/topologies/server.js:750:20
    at Callbacks.flush (/usr/local/lib/node_modules/mongodb/node_modules/mongodb-core/lib/topologies/server.js:87:7)
    at null.<anonymous> (/usr/local/lib/node_modules/mongodb/node_modules/mongodb-core/lib/topologies/server.js:325:41)
[retry] will retry, error on last attempt: SyntaxError: Unexpected end of input
Caught exception: TypeError: Cannot read property 'listCollections' of null
    at /home/crawler/models/robot_content_model.js:55:7
    at /usr/local/lib/node_modules/mongodb/lib/mongo_client.js:267:20
    at /usr/local/lib/node_modules/mongodb/lib/db.js:218:14
    at null.<anonymous> (/usr/local/lib/node_modules/mongodb/lib/server.js:226:9)
    at g (events.js:199:16)
    at emit (events.js:110:17)
    at /usr/local/lib/node_modules/mongodb/node_modules/mongodb-core/lib/topologies/server.js:367:23
    at /usr/local/lib/node_modules/mongodb/node_modules/mongodb-core/lib/topologies/server.js:750:20
    at Callbacks.flush (/usr/local/lib/node_modules/mongodb/node_modules/mongodb-core/lib/topologies/server.js:87:7)
    at null.<anonymous> (/usr/local/lib/node_modules/mongodb/node_modules/mongodb-core/lib/topologies/server.js:325:41)
[session-file-store] Deleting expired sessions
[session-file-store] Deleting expired sessions
[session-file-store] Deleting expired sessions
[session-file-store] Deleting expired sessions
[session-file-store] Deleting expired sessions
[session-file-store] Deleting expired sessions
