error: /home/crawler/models/robotTasks_model.js:174 MongoError: source namespace does not exist
error: /home/crawler/libraries/cronLib.js:70 Error: Command failed: /bin/sh -c pm2 restart /home/crawler/1cron/cronInitCrawlers.js
[PM2][ERROR] Process /home/crawler/1cron/cronInitCrawlers.js not found

error: /home/crawler/models/robotTasks_model.js:174 MongoError: source namespace does not exist
error: /home/crawler/libraries/cronLib.js:70 Error: Command failed: /bin/sh -c pm2 restart /home/crawler/1cron/cronInitCrawlers.js
[PM2][ERROR] Process /home/crawler/1cron/cronInitCrawlers.js not found

error: /home/crawler/models/robot_content_model.js:47 MongoError: server 192.99.21.142:27017 sockets closed
TypeError: Cannot read property 'listCollections' of null
    at /home/crawler/models/robot_content_model.js:55:7
    at /usr/local/lib/node_modules/mongodb/lib/mongo_client.js:267:20
    at /usr/local/lib/node_modules/mongodb/lib/db.js:218:14
    at null.<anonymous> (/usr/local/lib/node_modules/mongodb/lib/server.js:226:9)
    at g (events.js:199:16)
    at emit (events.js:110:17)
    at /usr/local/lib/node_modules/mongodb/node_modules/mongodb-core/lib/topologies/server.js:367:23
    at /usr/local/lib/node_modules/mongodb/node_modules/mongodb-core/lib/topologies/server.js:750:20
    at Callbacks.flush (/usr/local/lib/node_modules/mongodb/node_modules/mongodb-core/lib/topologies/server.js:87:7)
    at null.<anonymous> (/usr/local/lib/node_modules/mongodb/node_modules/mongodb-core/lib/topologies/server.js:325:41)
error: /home/crawler/models/robot_content_model.js:47 MongoError: server 192.99.21.142:27017 sockets closed
TypeError: Cannot read property 'listCollections' of null
    at /home/crawler/models/robot_content_model.js:55:7
    at /usr/local/lib/node_modules/mongodb/lib/mongo_client.js:267:20
    at /usr/local/lib/node_modules/mongodb/lib/db.js:218:14
    at null.<anonymous> (/usr/local/lib/node_modules/mongodb/lib/server.js:226:9)
    at g (events.js:199:16)
    at emit (events.js:110:17)
    at /usr/local/lib/node_modules/mongodb/node_modules/mongodb-core/lib/topologies/server.js:367:23
    at /usr/local/lib/node_modules/mongodb/node_modules/mongodb-core/lib/topologies/server.js:750:20
    at Callbacks.flush (/usr/local/lib/node_modules/mongodb/node_modules/mongodb-core/lib/topologies/server.js:87:7)
    at null.<anonymous> (/usr/local/lib/node_modules/mongodb/node_modules/mongodb-core/lib/topologies/server.js:325:41)
