2015-08-06 18:46:01: [PM2][WORKER] Started with refreshing interval: 30000
2015-08-06 18:46:01: [[[[ PM2/God daemon launched ]]]]
2015-08-06 18:46:01: BUS system [READY] on port /home/crawler/.pm2/pub.sock
2015-08-06 18:46:01: RPC interface [READY] on port /home/crawler/.pm2/rpc.sock
2015-08-06 18:46:01: Starting execution sequence in -fork mode- for app name:www id:0
2015-08-06 18:46:01: App name:www id:0 online
2015-08-06 18:46:17: Stopping app:www id:0
2015-08-06 18:46:17: App name:www id:0 exited with code SIGINT
2015-08-06 18:46:17: Process with pid 2253 killed
2015-08-06 18:48:59: Starting execution sequence in -fork mode- for app name:www id:0
2015-08-06 18:48:59: App name:www id:0 online
2015-08-06 18:50:24: Stopping app:www id:0
2015-08-06 18:50:24: App name:www id:0 exited with code SIGINT
2015-08-06 18:50:24: Process with pid 2439 killed
2015-08-06 18:50:46: Starting execution sequence in -cluster mode- for app name:crawler id:0
2015-08-06 18:50:46: App name:crawler id:0 online
2015-08-06 18:50:46: Starting execution sequence in -cluster mode- for app name:crawler id:1
2015-08-06 18:50:46: App name:crawler id:1 online
2015-08-06 18:50:46: Starting execution sequence in -cluster mode- for app name:crawler id:2
2015-08-06 18:50:46: App name:crawler id:2 online
2015-08-06 18:50:46: Starting execution sequence in -cluster mode- for app name:crawler id:3
2015-08-06 18:50:46: App name:crawler id:3 online
2015-08-06 18:54:41: Stopping app:crawler id:0
2015-08-06 18:54:41: App name:crawler id:0 disconnected
2015-08-06 18:54:41: App name:crawler id:0 exited with code SIGTERM
2015-08-06 18:54:41: Process with pid 2587 killed
2015-08-06 18:54:41: Stopping app:crawler id:1
2015-08-06 18:54:41: App name:crawler id:1 disconnected
2015-08-06 18:54:41: App name:crawler id:1 exited with code SIGTERM
2015-08-06 18:54:42: Process with pid 2592 killed
2015-08-06 18:54:42: Stopping app:crawler id:2
2015-08-06 18:54:42: App name:crawler id:2 disconnected
2015-08-06 18:54:42: App name:crawler id:2 exited with code SIGTERM
2015-08-06 18:54:42: Process with pid 2601 killed
2015-08-06 18:54:42: Stopping app:crawler id:3
2015-08-06 18:54:42: App name:crawler id:3 disconnected
2015-08-06 18:54:42: App name:crawler id:3 exited with code SIGTERM
2015-08-06 18:54:42: Process with pid 2614 killed
2015-08-06 19:14:49: Starting execution sequence in -cluster mode- for app name:crawler id:0
2015-08-06 19:14:49: App name:crawler id:0 online
2015-08-06 19:14:49: Starting execution sequence in -cluster mode- for app name:crawler id:1
2015-08-06 19:14:49: App name:crawler id:1 online
2015-08-06 19:14:50: Starting execution sequence in -cluster mode- for app name:crawler id:2
2015-08-06 19:14:50: App name:crawler id:2 online
2015-08-06 19:14:50: Starting execution sequence in -cluster mode- for app name:crawler id:3
2015-08-06 19:14:50: App name:crawler id:3 online
2015-08-06 19:18:19: App name:crawler id:0 disconnected
2015-08-06 19:18:19: App name:crawler id:0 exited with code 1
2015-08-06 19:18:19: Starting execution sequence in -cluster mode- for app name:crawler id:0
2015-08-06 19:18:19: App name:crawler id:0 online
2015-08-06 19:18:19: App name:crawler id:1 disconnected
2015-08-06 19:18:19: App name:crawler id:1 exited with code 1
2015-08-06 19:18:19: Starting execution sequence in -cluster mode- for app name:crawler id:1
2015-08-06 19:18:19: App name:crawler id:1 online
2015-08-06 19:19:35: App name:crawler id:2 disconnected
2015-08-06 19:19:35: App name:crawler id:2 exited with code 1
2015-08-06 19:19:35: Starting execution sequence in -cluster mode- for app name:crawler id:2
2015-08-06 19:19:35: App name:crawler id:2 online
2015-08-06 19:19:45: App name:crawler id:3 disconnected
2015-08-06 19:19:45: App name:crawler id:0 disconnected
2015-08-06 19:19:45: App name:crawler id:3 exited with code 1
2015-08-06 19:19:45: App name:crawler id:0 exited with code 1
2015-08-06 19:19:45: Starting execution sequence in -cluster mode- for app name:crawler id:3
2015-08-06 19:19:45: Starting execution sequence in -cluster mode- for app name:crawler id:0
2015-08-06 19:19:45: App name:crawler id:2 disconnected
2015-08-06 19:19:45: App name:crawler id:2 exited with code 1
2015-08-06 19:19:45: Starting execution sequence in -cluster mode- for app name:crawler id:2
2015-08-06 19:19:45: App name:crawler id:3 online
2015-08-06 19:19:45: App name:crawler id:0 online
2015-08-06 19:19:45: App name:crawler id:2 online
2015-08-06 19:22:52: App name:crawler id:3 disconnected
2015-08-06 19:22:52: App name:crawler id:3 exited with code 1
2015-08-06 19:22:52: Starting execution sequence in -cluster mode- for app name:crawler id:3
2015-08-06 19:22:52: App name:crawler id:2 disconnected
2015-08-06 19:22:52: App name:crawler id:2 exited with code 1
2015-08-06 19:22:52: App name:crawler id:0 disconnected
2015-08-06 19:22:52: Starting execution sequence in -cluster mode- for app name:crawler id:2
2015-08-06 19:22:52: App name:crawler id:0 exited with code 1
2015-08-06 19:22:52: Starting execution sequence in -cluster mode- for app name:crawler id:0
2015-08-06 19:22:52: App name:crawler id:3 online
2015-08-06 19:22:52: App name:crawler id:2 online
2015-08-06 19:22:52: App name:crawler id:0 online
2015-08-06 19:24:01: App name:crawler id:0 disconnected
2015-08-06 19:24:01: App name:crawler id:0 exited with code 1
2015-08-06 19:24:01: Starting execution sequence in -cluster mode- for app name:crawler id:0
2015-08-06 19:24:01: App name:crawler id:0 online
2015-08-06 19:25:28: App name:crawler id:2 disconnected
2015-08-06 19:25:28: App name:crawler id:2 exited with code 1
2015-08-06 19:25:28: Starting execution sequence in -cluster mode- for app name:crawler id:2
2015-08-06 19:25:28: App name:crawler id:2 online
2015-08-07 04:24:06: App name:crawler id:2 disconnected
2015-08-07 04:24:06: App name:crawler id:2 exited with code 1
2015-08-07 04:24:06: Starting execution sequence in -cluster mode- for app name:crawler id:2
2015-08-07 04:24:06: App name:crawler id:2 online
2015-08-07 04:26:44: App name:crawler id:0 disconnected
2015-08-07 04:26:44: App name:crawler id:0 exited with code 1
2015-08-07 04:26:44: Starting execution sequence in -cluster mode- for app name:crawler id:0
2015-08-07 04:26:44: App name:crawler id:0 online
2015-08-07 04:33:26: Stopping app:crawler id:0
2015-08-07 04:33:27: App name:crawler id:0 disconnected
2015-08-07 04:33:27: App name:crawler id:0 exited with code SIGTERM
2015-08-07 04:33:27: Process with pid 1318 killed
2015-08-07 04:33:27: Stopping app:crawler id:1
2015-08-07 04:33:27: App name:crawler id:1 disconnected
2015-08-07 04:33:27: App name:crawler id:1 exited with code SIGTERM
2015-08-07 04:33:27: Process with pid 5729 killed
2015-08-07 04:33:27: Stopping app:crawler id:2
2015-08-07 04:33:27: App name:crawler id:2 disconnected
2015-08-07 04:33:27: App name:crawler id:2 exited with code SIGTERM
2015-08-07 04:33:27: Process with pid 1209 killed
2015-08-07 04:33:27: Stopping app:crawler id:3
2015-08-07 04:33:27: App name:crawler id:3 disconnected
2015-08-07 04:33:27: App name:crawler id:3 exited with code SIGTERM
2015-08-07 04:33:27: Process with pid 6041 killed
2015-08-07 07:43:58: Starting execution sequence in -cluster mode- for app name:crawler id:0
2015-08-07 07:43:58: App name:crawler id:0 online
2015-08-07 07:43:58: Starting execution sequence in -cluster mode- for app name:crawler id:1
2015-08-07 07:43:58: App name:crawler id:1 online
2015-08-07 07:43:58: Starting execution sequence in -cluster mode- for app name:crawler id:2
2015-08-07 07:43:58: App name:crawler id:2 online
2015-08-07 07:43:58: Starting execution sequence in -cluster mode- for app name:crawler id:3
2015-08-07 07:43:58: App name:crawler id:3 online
